<?xml version="1.0" encoding="UTF-8"?>
<!-- Generated by org.testng.reporters.JUnitReportReporter -->
<testsuite hostname="DESKTOP-SQP9PHG" failures="0" tests="8" name="testscripts.Annotation2" time="16.140" errors="0" timestamp="2023-05-17T23:26:34 GMT-07:00" skipped="0">
  <testcase classname="testscripts.Annotation2" name="verify_creat_customer" time="2.059"/>
  <system-out/>
  <testcase classname="testscripts.Annotation2" name="verify_creat_customer" time="2.007"/>
  <system-out/>
  <testcase classname="testscripts.Annotation2" name="verify_creat_customer" time="2.005"/>
  <system-out/>
  <testcase classname="testscripts.Annotation2" name="verify_delete_customer" time="2.008"/>
  <system-out/>
  <testcase classname="testscripts.Annotation2" name="verify_delete_customer" time="2.016"/>
  <system-out/>
  <testcase classname="testscripts.Annotation2" name="verify_delete_customer" time="2.012"/>
  <system-out/>
  <testcase classname="testscripts.Annotation2" name="verify_delete_customer" time="2.018"/>
  <system-out/>
  <testcase classname="testscripts.Annotation2" name="verify_add_customer" time="2.015"/>
  <system-out/>
</testsuite> <!-- testscripts.Annotation2 -->
