<?xml version="1.0" encoding="UTF-8"?>
<!-- Generated by org.testng.reporters.JUnitReportReporter -->
<testsuite hostname="DESKTOP-SQP9PHG" failures="0" tests="3" name="testscripts.Group1" time="0.022" errors="0" timestamp="2023-05-16T23:45:21 GMT-07:00" skipped="0">
  <testcase classname="testscripts.Group1" name="verify_b" time="0.002"/>
  <system-out/>
  <testcase classname="testscripts.Group1" name="verify_a" time="0.018"/>
  <system-out/>
  <testcase classname="testscripts.Group1" name="verify_c" time="0.002"/>
  <system-out/>
</testsuite> <!-- testscripts.Group1 -->
