<?xml version="1.0" encoding="UTF-8"?>
<!-- Generated by org.testng.reporters.JUnitReportReporter -->
<testsuite hostname="DESKTOP-SQP9PHG" failures="0" tests="2" name="testscripts.Parallel" time="10.164" errors="0" timestamp="2023-05-16T23:40:57 GMT-07:00" skipped="0">
  <testcase classname="testscripts.Parallel" name="verify_a" time="5.082"/>
  <system-out/>
  <testcase classname="testscripts.Parallel" name="verify_b" time="5.082"/>
  <system-out/>
</testsuite> <!-- testscripts.Parallel -->
